[debug] [2025-10-25T01:11:22.401Z] ----------------------------------------------------------------------
[debug] [2025-10-25T01:11:22.410Z] Command:       /nix/store/ws50yvm6vzlzf7jzz6n7xh4szddrack1-nodejs-20.19.1/bin/node /nix/store/i78h9v2gl6qg2w9646hi06syn3hbv4kj-firebase-tools-14.19.1/lib/node_modules/firebase-tools/lib/bin/firebase.js deploy --only firestore:rules --non-interactive
[debug] [2025-10-25T01:11:22.412Z] CLI Version:   14.19.1
[debug] [2025-10-25T01:11:22.412Z] Platform:      linux
[debug] [2025-10-25T01:11:22.413Z] Node Version:  v20.19.1
[debug] [2025-10-25T01:11:22.413Z] Time:          Sat Oct 25 2025 01:11:22 GMT+0000 (Coordinated Universal Time)
[debug] [2025-10-25T01:11:22.414Z] ----------------------------------------------------------------------
[debug] 
[debug] [2025-10-25T01:11:22.987Z] Checked if tokens are valid: true, expires at: 1761358211115
[debug] [2025-10-25T01:11:22.988Z] Checked if tokens are valid: true, expires at: 1761358211115
[debug] [2025-10-25T01:11:22.992Z] >>> [apiv2][query] GET https://monospace-pa.googleapis.com/v1/workspaces/studio-6755913747 [none]
[debug] [2025-10-25T01:11:23.702Z] <<< [apiv2][status] GET https://monospace-pa.googleapis.com/v1/workspaces/studio-6755913747 200
[debug] [2025-10-25T01:11:23.703Z] <<< [apiv2][body] GET https://monospace-pa.googleapis.com/v1/workspaces/studio-6755913747 {"workspaceId":"studio-6755913747","name":"Orçamento de Calhas","workspaceRedirectUrl":"firebase-studio-1750287449124.cluster-iesosxm5fzdewqvhlwn5qivgry.cloudworkstations.dev","status":"WORKSPACE_STATUS_RUNNING","lastAccessDatetime":"2025-10-24T23:54:02.057836Z","workspaceTemplate":"WORKSPACE_TEMPLATE_CAPRA_BUILDER","owner":"SELF","serviceAccountEmail":"msp-3037704658192529880@monospace-per-ws-sa-7.iam.gserviceaccount.com","ownerEmail":"verton3@gmail.com","workspaceImageUrl":"https://www.gstatic.com/monospace/250314/workspace-prototype-192.png","templateArgs":"{}","templateRepoUrl":"file:///usr/local/monospace/templates/private/_capra_next","workstationAccessToken":"eyJhbGciOiJSUzI1NiIsInR5cCI6IkpXVCJ9.eyJpc3MiOiJodHRwczovL2Nsb3VkLmdvb2dsZS5jb20vd29ya3N0YXRpb25zIiwiYXVkIjoiZmlyZWJhc2Utc3R1ZGlvLTE3NTAyODc0NDkxMjQuY2x1c3Rlci1pZXNvc3htNWZ6ZGV3cXZobHduNXFpdmdyeS5jbG91ZHdvcmtzdGF0aW9ucy5kZXYiLCJpYXQiOjE3NjEzNTQ2ODMsImV4cCI6MTc2MTQ0MTA4M30.qiv1ybfKw7mp6LBvqPEDUzJR2M3-qDcMoR_UI7WUWSmPOWAF-po554qfhIkEQMohXLKQf2Lwjim3_R-fITQHchfCoyLoH5_3QgzzF8yAaFqioKY_q9UbFXtYYowo2g1jusp_Qii4LjLyOQwFV-5qqumu6nVaul-9PJX64QsVlBfr9_BuYRMa5iyooaNl7zeMXwBy_UHbXkCvrHI8V1wNfoR90OrajONGfXeAVqIOU_VGW9Ez-tirs_x7PLsQi-QZ6IlUPEUa-PCU2dVu3JrxIyXSk17yXasvij5P-ud_IPrxVaFTrRb93_8pVIN1E6obAu2gCcBF3vaqh12P4D5gkw","firebaseProjectId":"gutters-budget-pro"}
[debug] [2025-10-25T01:11:23.709Z] > command requires scopes: ["email","openid","https://www.googleapis.com/auth/cloudplatformprojects.readonly","https://www.googleapis.com/auth/firebase","https://www.googleapis.com/auth/cloud-platform","https://www.googleapis.com/auth/userinfo.email"]
[debug] [2025-10-25T01:11:23.710Z] > authorizing via signed-in user (verton3@gmail.com)
[debug] [2025-10-25T01:11:23.710Z] [iam] checking project gutters-budget-pro for permissions ["datastore.indexes.create","datastore.indexes.delete","datastore.indexes.list","datastore.indexes.update","firebase.projects.get"]
[debug] [2025-10-25T01:11:23.713Z] Checked if tokens are valid: true, expires at: 1761358211115
[debug] [2025-10-25T01:11:23.714Z] Checked if tokens are valid: true, expires at: 1761358211115
[debug] [2025-10-25T01:11:23.714Z] >>> [apiv2][query] POST https://cloudresourcemanager.googleapis.com/v1/projects/gutters-budget-pro:testIamPermissions [none]
[debug] [2025-10-25T01:11:23.714Z] >>> [apiv2][(partial)header] POST https://cloudresourcemanager.googleapis.com/v1/projects/gutters-budget-pro:testIamPermissions x-goog-quota-user=projects/gutters-budget-pro
[debug] [2025-10-25T01:11:23.714Z] >>> [apiv2][body] POST https://cloudresourcemanager.googleapis.com/v1/projects/gutters-budget-pro:testIamPermissions {"permissions":["datastore.indexes.create","datastore.indexes.delete","datastore.indexes.list","datastore.indexes.update","firebase.projects.get"]}
[debug] [2025-10-25T01:11:24.584Z] <<< [apiv2][status] POST https://cloudresourcemanager.googleapis.com/v1/projects/gutters-budget-pro:testIamPermissions 200
[debug] [2025-10-25T01:11:24.584Z] <<< [apiv2][body] POST https://cloudresourcemanager.googleapis.com/v1/projects/gutters-budget-pro:testIamPermissions {"permissions":["datastore.indexes.create","datastore.indexes.delete","datastore.indexes.list","datastore.indexes.update","firebase.projects.get"]}
[info] 
[info] === Deploying to 'gutters-budget-pro'...
[info] 
[info] i  deploying firestore 
[info] i  firestore: ensuring required API firestore.googleapis.com is enabled... 
[info] i  firestore: ensuring required API firestore.googleapis.com is enabled... 
[debug] [2025-10-25T01:11:24.606Z] Checked if tokens are valid: true, expires at: 1761358211115
[debug] [2025-10-25T01:11:24.606Z] Checked if tokens are valid: true, expires at: 1761358211115
[debug] [2025-10-25T01:11:24.608Z] >>> [apiv2][query] GET https://firestore.googleapis.com/v1/projects/gutters-budget-pro/databases/(default) [none]
[debug] [2025-10-25T01:11:25.050Z] <<< [apiv2][status] GET https://firestore.googleapis.com/v1/projects/gutters-budget-pro/databases/(default) 200
[debug] [2025-10-25T01:11:25.051Z] <<< [apiv2][body] GET https://firestore.googleapis.com/v1/projects/gutters-budget-pro/databases/(default) {"name":"projects/gutters-budget-pro/databases/(default)","uid":"753d8f21-fbf4-4a88-8e39-06b158bf92d8","createTime":"2025-09-17T22:18:41.723011Z","updateTime":"2025-09-17T22:18:41.723011Z","locationId":"southamerica-east1","type":"FIRESTORE_NATIVE","concurrencyMode":"PESSIMISTIC","versionRetentionPeriod":"3600s","earliestVersionTime":"2025-10-25T00:11:25.023638Z","appEngineIntegrationMode":"DISABLED","keyPrefix":"i","pointInTimeRecoveryEnablement":"POINT_IN_TIME_RECOVERY_DISABLED","deleteProtectionState":"DELETE_PROTECTION_DISABLED","databaseEdition":"STANDARD","freeTier":true,"realtimeUpdatesMode":"REALTIME_UPDATES_MODE_ENABLED","etag":"IL+CzMKVvpADMM6Ep4js4I8D"}
[info] i  firestore: reading indexes from firestore.indexes.json... 
[info] i  cloud.firestore: checking firestore.rules for compilation errors... 
[debug] [2025-10-25T01:11:25.054Z] Checked if tokens are valid: true, expires at: 1761358211115
[debug] [2025-10-25T01:11:25.054Z] Checked if tokens are valid: true, expires at: 1761358211115
[debug] [2025-10-25T01:11:25.056Z] >>> [apiv2][query] POST https://firebaserules.googleapis.com/v1/projects/gutters-budget-pro:test [none]
[debug] [2025-10-25T01:11:25.057Z] >>> [apiv2][body] POST https://firebaserules.googleapis.com/v1/projects/gutters-budget-pro:test [omitted]
[debug] [2025-10-25T01:11:25.942Z] <<< [apiv2][status] POST https://firebaserules.googleapis.com/v1/projects/gutters-budget-pro:test 200
[debug] [2025-10-25T01:11:25.942Z] <<< [apiv2][body] POST https://firebaserules.googleapis.com/v1/projects/gutters-budget-pro:test {}
[info] ✔  cloud.firestore: rules file firestore.rules compiled successfully 
[debug] [2025-10-25T01:11:25.959Z] Checked if tokens are valid: true, expires at: 1761358211115
[debug] [2025-10-25T01:11:25.960Z] Checked if tokens are valid: true, expires at: 1761358211115
[debug] [2025-10-25T01:11:25.966Z] >>> [apiv2][query] GET https://firebaserules.googleapis.com/v1/projects/gutters-budget-pro/releases pageSize=10&pageToken=
[debug] [2025-10-25T01:11:26.844Z] <<< [apiv2][status] GET https://firebaserules.googleapis.com/v1/projects/gutters-budget-pro/releases 200
[debug] [2025-10-25T01:11:26.845Z] <<< [apiv2][body] GET https://firebaserules.googleapis.com/v1/projects/gutters-budget-pro/releases {"releases":[{"name":"projects/gutters-budget-pro/releases/cloud.firestore","rulesetName":"projects/gutters-budget-pro/rulesets/995f735b-dd0a-4a93-9077-4d3668550ccc","createTime":"2025-09-17T22:18:50.013424Z","updateTime":"2025-10-25T01:10:18.822244Z"}]}
[debug] [2025-10-25T01:11:26.847Z] Checked if tokens are valid: true, expires at: 1761358211115
[debug] [2025-10-25T01:11:26.847Z] Checked if tokens are valid: true, expires at: 1761358211115
[debug] [2025-10-25T01:11:26.848Z] >>> [apiv2][query] GET https://firebaserules.googleapis.com/v1/projects/gutters-budget-pro/rulesets/995f735b-dd0a-4a93-9077-4d3668550ccc [none]
